<?xml version="1.0" encoding="UTF-8"?>
<testsuite xmlns:xsi="http://www.w3.org/2001/XMLSchema-instance" xsi:noNamespaceSchemaLocation="https://maven.apache.org/surefire/maven-surefire-plugin/xsd/surefire-test-report.xsd" name="com.woniuxy.AppTest" time="0.035" tests="1" errors="0" skipped="0" failures="0">
  <properties>
    <property name="sun.desktop" value="windows"/>
    <property name="awt.toolkit" value="sun.awt.windows.WToolkit"/>
    <property name="file.encoding.pkg" value="sun.io"/>
    <property name="java.specification.version" value="1.8"/>
    <property name="sun.cpu.isalist" value="amd64"/>
    <property name="sun.jnu.encoding" value="GBK"/>
    <property name="java.class.path" value="D:\qy\limoItem\utils\target\test-classes;D:\qy\limoItem\utils\target\classes;D:\UserData\apache-maven-3.6.3\repository\junit\junit\4.11\junit-4.11.jar;D:\UserData\apache-maven-3.6.3\repository\org\hamcrest\hamcrest-core\2.2\hamcrest-core-2.2.jar;D:\UserData\apache-maven-3.6.3\repository\org\hamcrest\hamcrest\2.2\hamcrest-2.2.jar;D:\UserData\apache-maven-3.6.3\repository\io\jsonwebtoken\jjwt-api\0.11.2\jjwt-api-0.11.2.jar;D:\UserData\apache-maven-3.6.3\repository\io\jsonwebtoken\jjwt-impl\0.11.2\jjwt-impl-0.11.2.jar;D:\UserData\apache-maven-3.6.3\repository\io\jsonwebtoken\jjwt-jackson\0.11.2\jjwt-jackson-0.11.2.jar;D:\UserData\apache-maven-3.6.3\repository\com\fasterxml\jackson\core\jackson-databind\2.11.1\jackson-databind-2.11.1.jar;D:\UserData\apache-maven-3.6.3\repository\com\fasterxml\jackson\core\jackson-annotations\2.11.1\jackson-annotations-2.11.1.jar;D:\UserData\apache-maven-3.6.3\repository\com\fasterxml\jackson\core\jackson-core\2.11.1\jackson-core-2.11.1.jar;D:\UserData\apache-maven-3.6.3\repository\redis\clients\jedis\3.3.0\jedis-3.3.0.jar;D:\UserData\apache-maven-3.6.3\repository\org\slf4j\slf4j-api\1.7.30\slf4j-api-1.7.30.jar;D:\UserData\apache-maven-3.6.3\repository\org\apache\commons\commons-pool2\2.8.0\commons-pool2-2.8.0.jar;"/>
    <property name="java.vm.vendor" value="Oracle Corporation"/>
    <property name="sun.arch.data.model" value="64"/>
    <property name="user.variant" value=""/>
    <property name="java.vendor.url" value="http://java.oracle.com/"/>
    <property name="user.timezone" value="Asia/Shanghai"/>
    <property name="java.vm.specification.version" value="1.8"/>
    <property name="os.name" value="Windows 7"/>
    <property name="user.country" value="CN"/>
    <property name="sun.java.launcher" value="SUN_STANDARD"/>
    <property name="sun.boot.library.path" value="D:\jdk1.8.0_171\jre\bin"/>
    <property name="sun.java.command" value="C:\Users\ADMINI~1\AppData\Local\Temp\surefire6238034652741170419\surefirebooter1589692153617299834.jar C:\Users\Administrator\AppData\Local\Temp\surefire6238034652741170419 2020-11-07T15-28-07_309-jvmRun1 surefire3034633572955507167tmp surefire_05049525402190896985tmp"/>
    <property name="surefire.test.class.path" value="D:\qy\limoItem\utils\target\test-classes;D:\qy\limoItem\utils\target\classes;D:\UserData\apache-maven-3.6.3\repository\junit\junit\4.11\junit-4.11.jar;D:\UserData\apache-maven-3.6.3\repository\org\hamcrest\hamcrest-core\2.2\hamcrest-core-2.2.jar;D:\UserData\apache-maven-3.6.3\repository\org\hamcrest\hamcrest\2.2\hamcrest-2.2.jar;D:\UserData\apache-maven-3.6.3\repository\io\jsonwebtoken\jjwt-api\0.11.2\jjwt-api-0.11.2.jar;D:\UserData\apache-maven-3.6.3\repository\io\jsonwebtoken\jjwt-impl\0.11.2\jjwt-impl-0.11.2.jar;D:\UserData\apache-maven-3.6.3\repository\io\jsonwebtoken\jjwt-jackson\0.11.2\jjwt-jackson-0.11.2.jar;D:\UserData\apache-maven-3.6.3\repository\com\fasterxml\jackson\core\jackson-databind\2.11.1\jackson-databind-2.11.1.jar;D:\UserData\apache-maven-3.6.3\repository\com\fasterxml\jackson\core\jackson-annotations\2.11.1\jackson-annotations-2.11.1.jar;D:\UserData\apache-maven-3.6.3\repository\com\fasterxml\jackson\core\jackson-core\2.11.1\jackson-core-2.11.1.jar;D:\UserData\apache-maven-3.6.3\repository\redis\clients\jedis\3.3.0\jedis-3.3.0.jar;D:\UserData\apache-maven-3.6.3\repository\org\slf4j\slf4j-api\1.7.30\slf4j-api-1.7.30.jar;D:\UserData\apache-maven-3.6.3\repository\org\apache\commons\commons-pool2\2.8.0\commons-pool2-2.8.0.jar;"/>
    <property name="sun.cpu.endian" value="little"/>
    <property name="user.home" value="C:\Users\Administrator"/>
    <property name="user.language" value="zh"/>
    <property name="java.specification.vendor" value="Oracle Corporation"/>
    <property name="java.home" value="D:\jdk1.8.0_171\jre"/>
    <property name="basedir" value="D:\qy\limoItem\utils"/>
    <property name="file.separator" value="\"/>
    <property name="line.separator" value="&#10;"/>
    <property name="java.vm.specification.vendor" value="Oracle Corporation"/>
    <property name="java.specification.name" value="Java Platform API Specification"/>
    <property name="java.awt.graphicsenv" value="sun.awt.Win32GraphicsEnvironment"/>
    <property name="idea.version2020.1.1" value="true"/>
    <property name="surefire.real.class.path" value="C:\Users\ADMINI~1\AppData\Local\Temp\surefire6238034652741170419\surefirebooter1589692153617299834.jar"/>
    <property name="sun.boot.class.path" value="D:\jdk1.8.0_171\jre\lib\resources.jar;D:\jdk1.8.0_171\jre\lib\rt.jar;D:\jdk1.8.0_171\jre\lib\sunrsasign.jar;D:\jdk1.8.0_171\jre\lib\jsse.jar;D:\jdk1.8.0_171\jre\lib\jce.jar;D:\jdk1.8.0_171\jre\lib\charsets.jar;D:\jdk1.8.0_171\jre\lib\jfr.jar;D:\jdk1.8.0_171\jre\classes"/>
    <property name="user.script" value=""/>
    <property name="sun.management.compiler" value="HotSpot 64-Bit Tiered Compilers"/>
    <property name="java.runtime.version" value="1.8.0_171-b11"/>
    <property name="user.name" value="Administrator"/>
    <property name="path.separator" value=";"/>
    <property name="os.version" value="6.1"/>
    <property name="java.endorsed.dirs" value="D:\jdk1.8.0_171\jre\lib\endorsed"/>
    <property name="java.runtime.name" value="Java(TM) SE Runtime Environment"/>
    <property name="file.encoding" value="GBK"/>
    <property name="java.vm.name" value="Java HotSpot(TM) 64-Bit Server VM"/>
    <property name="localRepository" value="D:\UserData\apache-maven-3.6.3\repository"/>
    <property name="java.vendor.url.bug" value="http://bugreport.sun.com/bugreport/"/>
    <property name="java.io.tmpdir" value="C:\Users\ADMINI~1\AppData\Local\Temp\"/>
    <property name="java.version" value="1.8.0_171"/>
    <property name="user.dir" value="D:\qy\limoItem\utils"/>
    <property name="os.arch" value="amd64"/>
    <property name="java.vm.specification.name" value="Java Virtual Machine Specification"/>
    <property name="java.awt.printerjob" value="sun.awt.windows.WPrinterJob"/>
    <property name="sun.os.patch.level" value="Service Pack 1"/>
    <property name="java.library.path" value="D:\jdk1.8.0_171\jre\bin;C:\Windows\Sun\Java\bin;C:\Windows\system32;C:\Windows;D:\jdk1.8.0_171\bin;C:\Windows\system32;C:\Windows;C:\Windows\System32\Wbem;C:\Windows\System32\WindowsPowerShell\v1.0\;D:\Windows-D盘更新软件\Win7优化大师绿色;%JAVA_HOME;\bin;D:\jdk1.8.0_171\jre\bin;C:\Program Files\TortoiseSVN\bin;D:\UserData\apache-maven-3.6.3\bin;D:\node\;C:\Program Files\Git\cmd;D:\Git\cmd;C:\Program Files\TortoiseGit\bin;C:\Users\Administrator\AppData\Roaming\npm;C:\Users\Administrator\AppData\Local\Yarn\Data\global\node_modules\.bin;."/>
    <property name="java.vm.info" value="mixed mode"/>
    <property name="java.vendor" value="Oracle Corporation"/>
    <property name="java.vm.version" value="25.171-b11"/>
    <property name="java.ext.dirs" value="D:\jdk1.8.0_171\jre\lib\ext;C:\Windows\Sun\Java\lib\ext"/>
    <property name="sun.io.unicode.encoding" value="UnicodeLittle"/>
    <property name="java.class.version" value="52.0"/>
  </properties>
  <testcase name="shouldAnswerWithTrue" classname="com.woniuxy.AppTest" time="0.003"/>
</testsuite>